0 info it worked if it ends with ok
1 verbose cli [ 'D:\\Program Files\\nodejs\\node.exe',
1 verbose cli   'C:\\Users\\user011\\AppData\\Roaming\\npm\\node_modules\\cnpm\\node_modules\\npm\\bin\\npm-cli.js',
1 verbose cli   '--userconfig=C:\\Users\\user011\\.cnpmrc',
1 verbose cli   '--disturl=https://npm.taobao.org/mirrors/node',
1 verbose cli   '--registry=https://registry.npm.taobao.org',
1 verbose cli   'run',
1 verbose cli   'dev' ]
2 info using npm@3.10.8
3 info using node@v4.4.4
4 verbose run-script [ 'predev', 'dev', 'postdev' ]
5 info lifecycle vue-cli-multi-page@0.1.0~predev: vue-cli-multi-page@0.1.0
6 silly lifecycle vue-cli-multi-page@0.1.0~predev: no script for predev, continuing
7 info lifecycle vue-cli-multi-page@0.1.0~dev: vue-cli-multi-page@0.1.0
8 verbose lifecycle vue-cli-multi-page@0.1.0~dev: unsafe-perm in lifecycle true
9 verbose lifecycle vue-cli-multi-page@0.1.0~dev: PATH: C:\Users\user011\AppData\Roaming\npm\node_modules\cnpm\node_modules\npm\bin\node-gyp-bin;E:\workspace\boot_t\codeEditCli\node_modules\.bin;C:\Ruby200\bin;C:\Program Files (x86)\NVIDIA Corporation\PhysX\Common;C:\Windows\system32;C:\Windows;C:\Windows\System32\Wbem;C:\Windows\System32\WindowsPowerShell\v1.0\;F:\Java\jdk1.7.0_79\bin;F:\Java\jdk1.7.0_79\jre\bin;F:\apache_tomcat_6.0.41\bin;F:\apache_maven_3.2.3\bin;F:\Program Files\TortoiseSVN\bin;C:\Program Files (x86)\Common Files\Ulead Systems\MPEG;C:\Program Files (x86)\QuickTime\QTSystem\;d:\Program Files (x86)\Git\cmd;d:\Program Files (x86)\Git\bin;d:\Program Files (x86)\Git\libexec\git-core;D:\Program Files\nodejs\;C:\Users\user011\AppData\Roaming\npm
10 verbose lifecycle vue-cli-multi-page@0.1.0~dev: CWD: E:\workspace\boot_t\codeEditCli
11 silly lifecycle vue-cli-multi-page@0.1.0~dev: Args: [ '/d /s /c', 'node build/dev-server.js' ]
12 silly lifecycle vue-cli-multi-page@0.1.0~dev: Returned: code: 1  signal: null
13 info lifecycle vue-cli-multi-page@0.1.0~dev: Failed to exec dev script
14 verbose stack Error: vue-cli-multi-page@0.1.0 dev: `node build/dev-server.js`
14 verbose stack Exit status 1
14 verbose stack     at EventEmitter.<anonymous> (C:\Users\user011\AppData\Roaming\npm\node_modules\cnpm\node_modules\npm\lib\utils\lifecycle.js:255:16)
14 verbose stack     at emitTwo (events.js:87:13)
14 verbose stack     at EventEmitter.emit (events.js:172:7)
14 verbose stack     at ChildProcess.<anonymous> (C:\Users\user011\AppData\Roaming\npm\node_modules\cnpm\node_modules\npm\lib\utils\spawn.js:40:14)
14 verbose stack     at emitTwo (events.js:87:13)
14 verbose stack     at ChildProcess.emit (events.js:172:7)
14 verbose stack     at maybeClose (internal/child_process.js:827:16)
14 verbose stack     at Process.ChildProcess._handle.onexit (internal/child_process.js:211:5)
15 verbose pkgid vue-cli-multi-page@0.1.0
16 verbose cwd E:\workspace\boot_t\codeEditCli
17 error Windows_NT 6.1.7601
18 error argv "D:\\Program Files\\nodejs\\node.exe" "C:\\Users\\user011\\AppData\\Roaming\\npm\\node_modules\\cnpm\\node_modules\\npm\\bin\\npm-cli.js" "--userconfig=C:\\Users\\user011\\.cnpmrc" "--disturl=https://npm.taobao.org/mirrors/node" "--registry=https://registry.npm.taobao.org" "run" "dev"
19 error node v4.4.4
20 error npm  v3.10.8
21 error code ELIFECYCLE
22 error vue-cli-multi-page@0.1.0 dev: `node build/dev-server.js`
22 error Exit status 1
23 error Failed at the vue-cli-multi-page@0.1.0 dev script 'node build/dev-server.js'.
23 error Make sure you have the latest version of node.js and npm installed.
23 error If you do, this is most likely a problem with the vue-cli-multi-page package,
23 error not with npm itself.
23 error Tell the author that this fails on your system:
23 error     node build/dev-server.js
23 error You can get information on how to open an issue for this project with:
23 error     npm bugs vue-cli-multi-page
23 error Or if that isn't available, you can get their info via:
23 error     npm owner ls vue-cli-multi-page
23 error There is likely additional logging output above.
24 verbose exit [ 1, true ]
